<?xml version="1.0" encoding="UTF-8"?>
<!-- Generated by org.testng.reporters.JUnitXMLReporter -->
<testsuite ignored="0" hostname="WIN106401" failures="0" tests="4" name="Default test" time="1.474" errors="0" timestamp="18 Jul 2019 10:34:36 GMT">
  <testcase classname="testRunner.CukeRunner" name="feature" time="0.116"/>
  <testcase classname="testRunner.CukeRunner" name="feature" time="0.094"/>
  <testcase classname="testRunner.CukeRunner" name="feature" time="0.031"/>
  <testcase classname="testRunner.CukeRunner" name="feature" time="0.047"/>
</testsuite> <!-- Default test -->
