<?xml version="1.0" encoding="UTF-8"?>
<testng-results ignored="0" total="1" passed="1" failed="0" skipped="0">
  <reporter-output>
  </reporter-output>
  <suite started-at="2019-07-18T09:57:58Z" name="Default suite" finished-at="2019-07-18T09:59:13Z" duration-ms="75232">
    <groups>
      <group name="cucumber">
        <method signature="CukeRunner.feature(cucumber.api.testng.CucumberFeatureWrapper)[pri:0, instance:testRunner.CukeRunner@3a6bb9bf]" name="feature" class="testRunner.CukeRunner"/>
      </group> <!-- cucumber -->
    </groups>
    <test started-at="2019-07-18T09:57:58Z" name="Default test" finished-at="2019-07-18T09:59:13Z" duration-ms="75232">
      <class name="testRunner.CukeRunner">
        <test-method is-config="true" signature="setUpClass()[pri:0, instance:testRunner.CukeRunner@3a6bb9bf]" started-at="2019-07-18T09:57:58Z" name="setUpClass" finished-at="2019-07-18T09:57:59Z" duration-ms="813" status="PASS">
          <reporter-output>
          </reporter-output>
        </test-method> <!-- setUpClass -->
        <test-method signature="feature(cucumber.api.testng.CucumberFeatureWrapper)[pri:0, instance:testRunner.CukeRunner@3a6bb9bf]" started-at="2019-07-18T09:57:59Z" name="feature" description="Runs Cucumber Feature" data-provider="features" finished-at="2019-07-18T09:59:13Z" duration-ms="74138" status="PASS">
          <params>
            <param index="0">
              <value>
                <![CDATA[Add company details functionalities]]>
              </value>
            </param>
          </params>
          <reporter-output>
          </reporter-output>
        </test-method> <!-- feature -->
        <test-method is-config="true" signature="tearDownClass()[pri:0, instance:testRunner.CukeRunner@3a6bb9bf]" started-at="2019-07-18T09:59:13Z" name="tearDownClass" finished-at="2019-07-18T09:59:13Z" duration-ms="30" status="PASS">
          <reporter-output>
          </reporter-output>
        </test-method> <!-- tearDownClass -->
      </class> <!-- testRunner.CukeRunner -->
    </test> <!-- Default test -->
  </suite> <!-- Default suite -->
</testng-results>
