<?xml version="1.0" encoding="UTF-8"?>
<testng-results ignored="0" total="4" passed="4" failed="0" skipped="0">
  <reporter-output>
  </reporter-output>
  <suite started-at="2019-07-18T10:34:35Z" name="Default suite" finished-at="2019-07-18T10:34:36Z" duration-ms="1474">
    <groups>
      <group name="cucumber">
        <method signature="CukeRunner.feature(cucumber.api.testng.CucumberFeatureWrapper)[pri:0, instance:testRunner.CukeRunner@34f7cfd9]" name="feature" class="testRunner.CukeRunner"/>
      </group> <!-- cucumber -->
    </groups>
    <test started-at="2019-07-18T10:34:35Z" name="Default test" finished-at="2019-07-18T10:34:36Z" duration-ms="1474">
      <class name="testRunner.CukeRunner">
        <test-method is-config="true" signature="setUpClass()[pri:0, instance:testRunner.CukeRunner@34f7cfd9]" started-at="2019-07-18T10:34:35Z" name="setUpClass" finished-at="2019-07-18T10:34:36Z" duration-ms="766" status="PASS">
          <reporter-output>
          </reporter-output>
        </test-method> <!-- setUpClass -->
        <test-method signature="feature(cucumber.api.testng.CucumberFeatureWrapper)[pri:0, instance:testRunner.CukeRunner@34f7cfd9]" started-at="2019-07-18T10:34:36Z" name="feature" description="Runs Cucumber Feature" data-provider="features" finished-at="2019-07-18T10:34:36Z" duration-ms="116" status="PASS">
          <params>
            <param index="0">
              <value>
                <![CDATA[Add company details functionalities]]>
              </value>
            </param>
          </params>
          <reporter-output>
          </reporter-output>
        </test-method> <!-- feature -->
        <test-method signature="feature(cucumber.api.testng.CucumberFeatureWrapper)[pri:0, instance:testRunner.CukeRunner@34f7cfd9]" started-at="2019-07-18T10:34:36Z" name="feature" description="Runs Cucumber Feature" data-provider="features" finished-at="2019-07-18T10:34:36Z" duration-ms="94" status="PASS">
          <params>
            <param index="0">
              <value>
                <![CDATA[Add new Contacts]]>
              </value>
            </param>
          </params>
          <reporter-output>
          </reporter-output>
        </test-method> <!-- feature -->
        <test-method signature="feature(cucumber.api.testng.CucumberFeatureWrapper)[pri:0, instance:testRunner.CukeRunner@34f7cfd9]" started-at="2019-07-18T10:34:36Z" name="feature" description="Runs Cucumber Feature" data-provider="features" finished-at="2019-07-18T10:34:36Z" duration-ms="31" status="PASS">
          <params>
            <param index="0">
              <value>
                <![CDATA[Create and Add deals functionalities]]>
              </value>
            </param>
          </params>
          <reporter-output>
          </reporter-output>
        </test-method> <!-- feature -->
        <test-method signature="feature(cucumber.api.testng.CucumberFeatureWrapper)[pri:0, instance:testRunner.CukeRunner@34f7cfd9]" started-at="2019-07-18T10:34:36Z" name="feature" description="Runs Cucumber Feature" data-provider="features" finished-at="2019-07-18T10:34:36Z" duration-ms="47" status="PASS">
          <params>
            <param index="0">
              <value>
                <![CDATA[Login Functionality]]>
              </value>
            </param>
          </params>
          <reporter-output>
          </reporter-output>
        </test-method> <!-- feature -->
        <test-method is-config="true" signature="tearDownClass()[pri:0, instance:testRunner.CukeRunner@34f7cfd9]" started-at="2019-07-18T10:34:36Z" name="tearDownClass" finished-at="2019-07-18T10:34:36Z" duration-ms="156" status="PASS">
          <reporter-output>
          </reporter-output>
        </test-method> <!-- tearDownClass -->
      </class> <!-- testRunner.CukeRunner -->
    </test> <!-- Default test -->
  </suite> <!-- Default suite -->
</testng-results>
